*** Starting uWSGI 2.0.18 (64bit) on [Sat Mar 28 15:24:04 2020] ***
compiled with version: 7.3.0 on 23 February 2020 19:22:36
os: Linux-4.15.0-20-generic #21-Ubuntu SMP Tue Apr 24 06:16:15 UTC 2018
nodename: programmer-G56JR
machine: x86_64
clock source: unix
detected number of CPU cores: 8
current working directory: /home/programmer/Project/lorean
detected binary path: /home/programmer/Project/venv/bin/uwsgi
!!! no internal routing support, rebuild with pcre support !!!
*** WARNING: you are running uWSGI without its master process manager ***
your processes number limit is 47173
your memory page size is 4096 bytes
detected max file descriptor number: 1024
lock engine: pthread robust mutexes
thunder lock: disabled (you can enable it with --thunder-lock)
uwsgi socket 0 bound to UNIX address /tmp/lorean.sock fd 3
Python version: 3.6.8 (default, Oct  7 2019, 12:59:55)  [GCC 8.3.0]
*** Python threads support is disabled. You can enable it with --enable-threads ***
Python main interpreter initialized at 0x563a01177830
your server socket listen backlog is limited to 100 connections
your mercy for graceful operations on workers is 60 seconds
mapped 72904 bytes (71 KB) for 1 cores
*** Operational MODE: single process ***
WSGI app 0 (mountpoint='') ready in 0 seconds on interpreter 0x563a01177830 pid: 9616 (default app)
*** uWSGI is running in multiple interpreter mode ***
spawned uWSGI worker 1 (and the only) (pid: 9616, cores: 1)
*** Starting uWSGI 2.0.18 (64bit) on [Sat Mar 28 15:25:21 2020] ***
compiled with version: 7.3.0 on 23 February 2020 19:22:36
os: Linux-4.15.0-20-generic #21-Ubuntu SMP Tue Apr 24 06:16:15 UTC 2018
nodename: programmer-G56JR
machine: x86_64
clock source: unix
detected number of CPU cores: 8
current working directory: /home/programmer/Project/lorean
detected binary path: /home/programmer/Project/venv/bin/uwsgi
!!! no internal routing support, rebuild with pcre support !!!
*** WARNING: you are running uWSGI without its master process manager ***
your processes number limit is 47173
your memory page size is 4096 bytes
detected max file descriptor number: 1024
lock engine: pthread robust mutexes
thunder lock: disabled (you can enable it with --thunder-lock)
uwsgi socket 0 bound to UNIX address /tmp/lorean.sock fd 3
Python version: 3.6.8 (default, Oct  7 2019, 12:59:55)  [GCC 8.3.0]
*** Python threads support is disabled. You can enable it with --enable-threads ***
Python main interpreter initialized at 0x55ad0126a830
your server socket listen backlog is limited to 100 connections
your mercy for graceful operations on workers is 60 seconds
mapped 72904 bytes (71 KB) for 1 cores
*** Operational MODE: single process ***
WSGI app 0 (mountpoint='') ready in 1 seconds on interpreter 0x55ad0126a830 pid: 9669 (default app)
*** uWSGI is running in multiple interpreter mode ***
spawned uWSGI worker 1 (and the only) (pid: 9669, cores: 1)
[pid: 9669|app: 0|req: 1/1] 127.0.0.1 () {42 vars in 711 bytes} [Sat Mar 28 12:25:47 2020] GET / => generated 16351 bytes in 18 msecs (HTTP/1.1 200) 4 headers in 123 bytes (1 switches on core 0)
*** Starting uWSGI 2.0.18 (64bit) on [Sat Mar 28 15:50:01 2020] ***
compiled with version: 7.3.0 on 23 February 2020 19:22:36
os: Linux-4.15.0-20-generic #21-Ubuntu SMP Tue Apr 24 06:16:15 UTC 2018
nodename: programmer-G56JR
machine: x86_64
clock source: unix
detected number of CPU cores: 8
current working directory: /home/programmer/Project/lorean
detected binary path: /home/programmer/Project/venv/bin/uwsgi
!!! no internal routing support, rebuild with pcre support !!!
*** WARNING: you are running uWSGI without its master process manager ***
your processes number limit is 47173
your memory page size is 4096 bytes
detected max file descriptor number: 1024
lock engine: pthread robust mutexes
thunder lock: disabled (you can enable it with --thunder-lock)
uwsgi socket 0 bound to UNIX address /tmp/lorean.sock fd 3
Python version: 3.6.8 (default, Oct  7 2019, 12:59:55)  [GCC 8.3.0]
*** Python threads support is disabled. You can enable it with --enable-threads ***
Python main interpreter initialized at 0x556cade19840
your server socket listen backlog is limited to 100 connections
your mercy for graceful operations on workers is 60 seconds
mapped 72904 bytes (71 KB) for 1 cores
*** Operational MODE: single process ***
WSGI app 0 (mountpoint='') ready in 0 seconds on interpreter 0x556cade19840 pid: 11951 (default app)
*** uWSGI is running in multiple interpreter mode ***
spawned uWSGI worker 1 (and the only) (pid: 11951, cores: 1)
Internal Server Error: /
Traceback (most recent call last):
  File "/home/programmer/Project/venv/lib/python3.6/site-packages/django/core/handlers/exception.py", line 34, in inner
    response = get_response(request)
  File "/home/programmer/Project/venv/lib/python3.6/site-packages/django/core/handlers/base.py", line 100, in _get_response
    resolver_match = resolver.resolve(request.path_info)
  File "/home/programmer/Project/venv/lib/python3.6/site-packages/django/urls/resolvers.py", line 544, in resolve
    for pattern in self.url_patterns:
  File "/home/programmer/Project/venv/lib/python3.6/site-packages/django/utils/functional.py", line 48, in __get__
    res = instance.__dict__[self.name] = self.func(instance)
  File "/home/programmer/Project/venv/lib/python3.6/site-packages/django/urls/resolvers.py", line 588, in url_patterns
    patterns = getattr(self.urlconf_module, "urlpatterns", self.urlconf_module)
  File "/home/programmer/Project/venv/lib/python3.6/site-packages/django/utils/functional.py", line 48, in __get__
    res = instance.__dict__[self.name] = self.func(instance)
  File "/home/programmer/Project/venv/lib/python3.6/site-packages/django/urls/resolvers.py", line 581, in urlconf_module
    return import_module(self.urlconf_name)
  File "/home/programmer/Project/venv/lib/python3.6/importlib/__init__.py", line 126, in import_module
    return _bootstrap._gcd_import(name[level:], package, level)
  File "<frozen importlib._bootstrap>", line 994, in _gcd_import
  File "<frozen importlib._bootstrap>", line 971, in _find_and_load
  File "<frozen importlib._bootstrap>", line 955, in _find_and_load_unlocked
  File "<frozen importlib._bootstrap>", line 665, in _load_unlocked
  File "<frozen importlib._bootstrap_external>", line 678, in exec_module
  File "<frozen importlib._bootstrap>", line 219, in _call_with_frames_removed
  File "./lorean/urls.py", line 18, in <module>
    from . import views
ImportError: cannot import name 'views'
[pid: 11951|app: 0|req: 1/1] 127.0.0.1 () {44 vars in 742 bytes} [Sat Mar 28 12:50:05 2020] GET / => generated 102627 bytes in 60 msecs (HTTP/1.1 500) 5 headers in 157 bytes (1 switches on core 0)
Internal Server Error: /
Traceback (most recent call last):
  File "/home/programmer/Project/venv/lib/python3.6/site-packages/django/core/handlers/exception.py", line 34, in inner
    response = get_response(request)
  File "/home/programmer/Project/venv/lib/python3.6/site-packages/django/core/handlers/base.py", line 100, in _get_response
    resolver_match = resolver.resolve(request.path_info)
  File "/home/programmer/Project/venv/lib/python3.6/site-packages/django/urls/resolvers.py", line 544, in resolve
    for pattern in self.url_patterns:
  File "/home/programmer/Project/venv/lib/python3.6/site-packages/django/utils/functional.py", line 48, in __get__
    res = instance.__dict__[self.name] = self.func(instance)
  File "/home/programmer/Project/venv/lib/python3.6/site-packages/django/urls/resolvers.py", line 588, in url_patterns
    patterns = getattr(self.urlconf_module, "urlpatterns", self.urlconf_module)
  File "/home/programmer/Project/venv/lib/python3.6/site-packages/django/utils/functional.py", line 48, in __get__
    res = instance.__dict__[self.name] = self.func(instance)
  File "/home/programmer/Project/venv/lib/python3.6/site-packages/django/urls/resolvers.py", line 581, in urlconf_module
    return import_module(self.urlconf_name)
  File "/home/programmer/Project/venv/lib/python3.6/importlib/__init__.py", line 126, in import_module
    return _bootstrap._gcd_import(name[level:], package, level)
  File "<frozen importlib._bootstrap>", line 994, in _gcd_import
  File "<frozen importlib._bootstrap>", line 971, in _find_and_load
  File "<frozen importlib._bootstrap>", line 955, in _find_and_load_unlocked
  File "<frozen importlib._bootstrap>", line 665, in _load_unlocked
  File "<frozen importlib._bootstrap_external>", line 678, in exec_module
  File "<frozen importlib._bootstrap>", line 219, in _call_with_frames_removed
  File "./lorean/urls.py", line 18, in <module>
    from django.legion	import views
ModuleNotFoundError: No module named 'django.legion'
[pid: 11951|app: 0|req: 2/2] 127.0.0.1 () {44 vars in 742 bytes} [Sat Mar 28 12:51:09 2020] GET / => generated 102719 bytes in 40 msecs (HTTP/1.1 500) 5 headers in 157 bytes (1 switches on core 0)
Internal Server Error: /
Traceback (most recent call last):
  File "/home/programmer/Project/venv/lib/python3.6/site-packages/django/core/handlers/exception.py", line 34, in inner
    response = get_response(request)
  File "/home/programmer/Project/venv/lib/python3.6/site-packages/django/core/handlers/base.py", line 100, in _get_response
    resolver_match = resolver.resolve(request.path_info)
  File "/home/programmer/Project/venv/lib/python3.6/site-packages/django/urls/resolvers.py", line 544, in resolve
    for pattern in self.url_patterns:
  File "/home/programmer/Project/venv/lib/python3.6/site-packages/django/utils/functional.py", line 48, in __get__
    res = instance.__dict__[self.name] = self.func(instance)
  File "/home/programmer/Project/venv/lib/python3.6/site-packages/django/urls/resolvers.py", line 588, in url_patterns
    patterns = getattr(self.urlconf_module, "urlpatterns", self.urlconf_module)
  File "/home/programmer/Project/venv/lib/python3.6/site-packages/django/utils/functional.py", line 48, in __get__
    res = instance.__dict__[self.name] = self.func(instance)
  File "/home/programmer/Project/venv/lib/python3.6/site-packages/django/urls/resolvers.py", line 581, in urlconf_module
    return import_module(self.urlconf_name)
  File "/home/programmer/Project/venv/lib/python3.6/importlib/__init__.py", line 126, in import_module
    return _bootstrap._gcd_import(name[level:], package, level)
  File "<frozen importlib._bootstrap>", line 994, in _gcd_import
  File "<frozen importlib._bootstrap>", line 971, in _find_and_load
  File "<frozen importlib._bootstrap>", line 955, in _find_and_load_unlocked
  File "<frozen importlib._bootstrap>", line 665, in _load_unlocked
  File "<frozen importlib._bootstrap_external>", line 678, in exec_module
  File "<frozen importlib._bootstrap>", line 219, in _call_with_frames_removed
  File "./lorean/urls.py", line 18, in <module>
    from django.legion	import views
ModuleNotFoundError: No module named 'django.legion'
[pid: 11951|app: 0|req: 3/3] 127.0.0.1 () {44 vars in 742 bytes} [Sat Mar 28 12:51:10 2020] GET / => generated 102719 bytes in 57 msecs (HTTP/1.1 500) 5 headers in 157 bytes (1 switches on core 0)
[pid: 11951|app: 0|req: 4/4] 127.0.0.1 () {44 vars in 742 bytes} [Sat Mar 28 12:51:23 2020] GET / => generated 248 bytes in 12 msecs (HTTP/1.1 200) 4 headers in 136 bytes (1 switches on core 0)
[pid: 11951|app: 0|req: 5/5] 127.0.0.1 () {44 vars in 742 bytes} [Sat Mar 28 12:52:01 2020] GET / => generated 246 bytes in 1 msecs (HTTP/1.1 200) 4 headers in 136 bytes (1 switches on core 0)
[pid: 11951|app: 0|req: 6/6] 127.0.0.1 () {44 vars in 742 bytes} [Sat Mar 28 12:53:02 2020] GET / => generated 246 bytes in 2 msecs (HTTP/1.1 200) 4 headers in 136 bytes (1 switches on core 0)
[pid: 11951|app: 0|req: 7/7] 127.0.0.1 () {44 vars in 742 bytes} [Sat Mar 28 12:59:36 2020] GET / => generated 246 bytes in 1 msecs (HTTP/1.1 200) 4 headers in 136 bytes (1 switches on core 0)
[pid: 11951|app: 0|req: 8/8] 127.0.0.1 () {44 vars in 742 bytes} [Sat Mar 28 13:00:11 2020] GET / => generated 246 bytes in 1 msecs (HTTP/1.1 200) 4 headers in 136 bytes (1 switches on core 0)
[pid: 11951|app: 0|req: 9/9] 127.0.0.1 () {44 vars in 742 bytes} [Sat Mar 28 13:28:08 2020] GET / => generated 246 bytes in 1 msecs (HTTP/1.1 200) 4 headers in 136 bytes (1 switches on core 0)
[pid: 11951|app: 0|req: 10/10] 127.0.0.1 () {44 vars in 742 bytes} [Sat Mar 28 13:28:34 2020] GET / => generated 246 bytes in 2 msecs (HTTP/1.1 200) 4 headers in 136 bytes (1 switches on core 0)
[pid: 11951|app: 0|req: 11/11] 127.0.0.1 () {44 vars in 742 bytes} [Sat Mar 28 13:30:01 2020] GET / => generated 246 bytes in 2 msecs (HTTP/1.1 200) 4 headers in 136 bytes (1 switches on core 0)
[pid: 11951|app: 0|req: 12/12] 127.0.0.1 () {44 vars in 742 bytes} [Sat Mar 28 13:30:17 2020] GET / => generated 246 bytes in 1 msecs (HTTP/1.1 200) 4 headers in 136 bytes (1 switches on core 0)
[pid: 11951|app: 0|req: 13/13] 127.0.0.1 () {44 vars in 742 bytes} [Sat Mar 28 13:30:26 2020] GET / => generated 246 bytes in 1 msecs (HTTP/1.1 200) 4 headers in 136 bytes (1 switches on core 0)
[pid: 11951|app: 0|req: 14/14] 127.0.0.1 () {44 vars in 742 bytes} [Sat Mar 28 13:30:45 2020] GET / => generated 246 bytes in 1 msecs (HTTP/1.1 200) 4 headers in 136 bytes (1 switches on core 0)
[pid: 11951|app: 0|req: 15/15] 127.0.0.1 () {44 vars in 742 bytes} [Sat Mar 28 13:30:45 2020] GET / => generated 246 bytes in 1 msecs (HTTP/1.1 200) 4 headers in 136 bytes (1 switches on core 0)
[pid: 11951|app: 0|req: 16/16] 127.0.0.1 () {44 vars in 742 bytes} [Sat Mar 28 13:30:48 2020] GET / => generated 246 bytes in 2 msecs (HTTP/1.1 200) 4 headers in 136 bytes (1 switches on core 0)
[pid: 11951|app: 0|req: 17/17] 127.0.0.1 () {44 vars in 742 bytes} [Sat Mar 28 13:31:02 2020] GET / => generated 246 bytes in 2 msecs (HTTP/1.1 200) 4 headers in 136 bytes (1 switches on core 0)
*** Starting uWSGI 2.0.18 (64bit) on [Sun Mar 29 09:37:40 2020] ***
compiled with version: 7.3.0 on 23 February 2020 19:22:36
os: Linux-4.15.0-20-generic #21-Ubuntu SMP Tue Apr 24 06:16:15 UTC 2018
nodename: programmer-G56JR
machine: x86_64
clock source: unix
detected number of CPU cores: 8
current working directory: /home/programmer/Project/lorean
detected binary path: /home/programmer/Project/venv/bin/uwsgi
!!! no internal routing support, rebuild with pcre support !!!
*** WARNING: you are running uWSGI without its master process manager ***
your processes number limit is 47173
your memory page size is 4096 bytes
detected max file descriptor number: 1024
lock engine: pthread robust mutexes
thunder lock: disabled (you can enable it with --thunder-lock)
uwsgi socket 0 bound to UNIX address /tmp/lorean.sock fd 3
Python version: 3.6.8 (default, Oct  7 2019, 12:59:55)  [GCC 8.3.0]
*** Python threads support is disabled. You can enable it with --enable-threads ***
Python main interpreter initialized at 0x55651d4db830
your server socket listen backlog is limited to 100 connections
your mercy for graceful operations on workers is 60 seconds
mapped 72904 bytes (71 KB) for 1 cores
*** Operational MODE: single process ***
WSGI app 0 (mountpoint='') ready in 0 seconds on interpreter 0x55651d4db830 pid: 3720 (default app)
*** uWSGI is running in multiple interpreter mode ***
spawned uWSGI worker 1 (and the only) (pid: 3720, cores: 1)
[pid: 3720|app: 0|req: 1/1] 127.0.0.1 () {44 vars in 742 bytes} [Sun Mar 29 06:37:53 2020] GET / => generated 246 bytes in 31 msecs (HTTP/1.1 200) 4 headers in 136 bytes (1 switches on core 0)
[pid: 3720|app: 0|req: 2/2] 127.0.0.1 () {44 vars in 742 bytes} [Sun Mar 29 06:39:39 2020] GET / => generated 246 bytes in 1 msecs (HTTP/1.1 200) 4 headers in 136 bytes (1 switches on core 0)
[pid: 3720|app: 0|req: 3/3] 127.0.0.1 () {42 vars in 711 bytes} [Sun Mar 29 06:39:52 2020] GET / => generated 246 bytes in 3 msecs (HTTP/1.1 200) 4 headers in 136 bytes (1 switches on core 0)
[pid: 3720|app: 0|req: 4/4] 127.0.0.1 () {42 vars in 723 bytes} [Sun Mar 29 06:43:50 2020] GET /admin/ => generated 0 bytes in 13 msecs (HTTP/1.1 302) 8 headers in 301 bytes (1 switches on core 0)
[pid: 3720|app: 0|req: 5/5] 127.0.0.1 () {42 vars in 760 bytes} [Sun Mar 29 06:43:50 2020] GET /admin/login/?next=/admin/ => generated 1913 bytes in 20 msecs (HTTP/1.1 200) 8 headers in 431 bytes (1 switches on core 0)
[pid: 3720|app: 0|req: 6/6] 127.0.0.1 () {50 vars in 976 bytes} [Sun Mar 29 06:43:59 2020] POST /admin/login/?next=/admin/ => generated 0 bytes in 133 msecs (HTTP/1.1 302) 10 headers in 595 bytes (1 switches on core 0)
[pid: 3720|app: 0|req: 7/7] 127.0.0.1 () {44 vars in 830 bytes} [Sun Mar 29 06:43:59 2020] GET /admin/ => generated 3042 bytes in 16 msecs (HTTP/1.1 200) 7 headers in 263 bytes (1 switches on core 0)
[pid: 3720|app: 0|req: 8/8] 127.0.0.1 () {46 vars in 861 bytes} [Sun Mar 29 06:44:23 2020] GET /admin/ => generated 3042 bytes in 19 msecs (HTTP/1.1 200) 7 headers in 263 bytes (1 switches on core 0)
[pid: 3720|app: 0|req: 9/9] 127.0.0.1 () {46 vars in 861 bytes} [Sun Mar 29 06:44:23 2020] GET /admin/ => generated 3042 bytes in 19 msecs (HTTP/1.1 200) 7 headers in 263 bytes (1 switches on core 0)
[pid: 3720|app: 0|req: 10/10] 127.0.0.1 () {46 vars in 861 bytes} [Sun Mar 29 06:44:24 2020] GET /admin/ => generated 3042 bytes in 19 msecs (HTTP/1.1 200) 7 headers in 263 bytes (1 switches on core 0)
[pid: 3720|app: 0|req: 11/11] 127.0.0.1 () {46 vars in 861 bytes} [Sun Mar 29 06:44:24 2020] GET /admin/ => generated 3042 bytes in 19 msecs (HTTP/1.1 200) 7 headers in 263 bytes (1 switches on core 0)
[pid: 3720|app: 0|req: 12/12] 127.0.0.1 () {46 vars in 861 bytes} [Sun Mar 29 06:44:25 2020] GET /admin/ => generated 3042 bytes in 16 msecs (HTTP/1.1 200) 7 headers in 263 bytes (1 switches on core 0)
[pid: 3720|app: 0|req: 13/13] 127.0.0.1 () {42 vars in 765 bytes} [Sun Mar 29 06:44:28 2020] GET /admin => generated 0 bytes in 1 msecs (HTTP/1.1 301) 4 headers in 145 bytes (1 switches on core 0)
[pid: 3720|app: 0|req: 14/14] 127.0.0.1 () {42 vars in 767 bytes} [Sun Mar 29 06:44:28 2020] GET /admin/ => generated 3042 bytes in 13 msecs (HTTP/1.1 200) 7 headers in 263 bytes (1 switches on core 0)
[pid: 3720|app: 0|req: 15/15] 127.0.0.1 () {42 vars in 755 bytes} [Sun Mar 29 06:44:34 2020] GET / => generated 246 bytes in 1 msecs (HTTP/1.1 200) 4 headers in 136 bytes (1 switches on core 0)
[pid: 3720|app: 0|req: 16/16] 127.0.0.1 () {42 vars in 767 bytes} [Sun Mar 29 06:45:01 2020] GET /admin/ => generated 3042 bytes in 13 msecs (HTTP/1.1 200) 7 headers in 263 bytes (1 switches on core 0)
*** Starting uWSGI 2.0.18 (64bit) on [Sun Mar 29 09:47:40 2020] ***
compiled with version: 7.3.0 on 23 February 2020 19:22:36
os: Linux-4.15.0-20-generic #21-Ubuntu SMP Tue Apr 24 06:16:15 UTC 2018
nodename: programmer-G56JR
machine: x86_64
clock source: unix
detected number of CPU cores: 8
current working directory: /home/programmer/Project/lorean
detected binary path: /home/programmer/Project/venv/bin/uwsgi
!!! no internal routing support, rebuild with pcre support !!!
*** WARNING: you are running uWSGI without its master process manager ***
your processes number limit is 47173
your memory page size is 4096 bytes
detected max file descriptor number: 1024
lock engine: pthread robust mutexes
thunder lock: disabled (you can enable it with --thunder-lock)
uwsgi socket 0 bound to UNIX address /tmp/lorean.sock fd 3
Python version: 3.6.8 (default, Oct  7 2019, 12:59:55)  [GCC 8.3.0]
*** Python threads support is disabled. You can enable it with --enable-threads ***
Python main interpreter initialized at 0x557bb495b830
your server socket listen backlog is limited to 100 connections
your mercy for graceful operations on workers is 60 seconds
mapped 72904 bytes (71 KB) for 1 cores
*** Operational MODE: single process ***
WSGI app 0 (mountpoint='') ready in 1 seconds on interpreter 0x557bb495b830 pid: 4103 (default app)
*** uWSGI is running in multiple interpreter mode ***
spawned uWSGI worker 1 (and the only) (pid: 4103, cores: 1)
[pid: 4103|app: 0|req: 1/1] 127.0.0.1 () {44 vars in 798 bytes} [Sun Mar 29 06:47:45 2020] GET /admin/ => generated 3338 bytes in 49 msecs (HTTP/1.1 200) 7 headers in 263 bytes (1 switches on core 0)
[pid: 4103|app: 0|req: 2/2] 127.0.0.1 () {42 vars in 755 bytes} [Sun Mar 29 06:47:50 2020] GET / => generated 246 bytes in 3 msecs (HTTP/1.1 200) 4 headers in 136 bytes (1 switches on core 0)
[pid: 4103|app: 0|req: 3/3] 127.0.0.1 () {42 vars in 767 bytes} [Sun Mar 29 07:10:05 2020] GET /admin/ => generated 3338 bytes in 15 msecs (HTTP/1.1 200) 7 headers in 263 bytes (1 switches on core 0)
[pid: 4103|app: 0|req: 4/4] 127.0.0.1 () {44 vars in 839 bytes} [Sun Mar 29 07:10:10 2020] GET /admin/auth/user/add/ => generated 6300 bytes in 39 msecs (HTTP/1.1 200) 8 headers in 431 bytes (1 switches on core 0)
[pid: 4103|app: 0|req: 5/5] 127.0.0.1 () {42 vars in 733 bytes} [Sun Mar 29 07:10:10 2020] GET /admin/jsi18n/ => generated 14909 bytes in 8 msecs (HTTP/1.1 200) 5 headers in 160 bytes (1 switches on core 0)
[pid: 4103|app: 0|req: 6/6] 127.0.0.1 () {42 vars in 767 bytes} [Sun Mar 29 07:10:14 2020] GET /admin/ => generated 3338 bytes in 21 msecs (HTTP/1.1 200) 7 headers in 263 bytes (1 switches on core 0)
[pid: 4103|app: 0|req: 7/7] 127.0.0.1 () {44 vars in 798 bytes} [Sun Mar 29 07:12:03 2020] GET /admin/ => generated 3338 bytes in 19 msecs (HTTP/1.1 200) 7 headers in 263 bytes (1 switches on core 0)
[pid: 4103|app: 0|req: 8/8] 127.0.0.1 () {44 vars in 798 bytes} [Sun Mar 29 07:12:04 2020] GET /admin/ => generated 3338 bytes in 16 msecs (HTTP/1.1 200) 7 headers in 263 bytes (1 switches on core 0)
*** Starting uWSGI 2.0.18 (64bit) on [Sun Mar 29 10:12:29 2020] ***
compiled with version: 7.3.0 on 23 February 2020 19:22:36
os: Linux-4.15.0-20-generic #21-Ubuntu SMP Tue Apr 24 06:16:15 UTC 2018
nodename: programmer-G56JR
machine: x86_64
clock source: unix
detected number of CPU cores: 8
current working directory: /home/programmer/Project/lorean
detected binary path: /home/programmer/Project/venv/bin/uwsgi
!!! no internal routing support, rebuild with pcre support !!!
*** WARNING: you are running uWSGI without its master process manager ***
your processes number limit is 47173
your memory page size is 4096 bytes
detected max file descriptor number: 1024
lock engine: pthread robust mutexes
thunder lock: disabled (you can enable it with --thunder-lock)
uwsgi socket 0 bound to UNIX address /tmp/lorean.sock fd 3
Python version: 3.6.8 (default, Oct  7 2019, 12:59:55)  [GCC 8.3.0]
*** Python threads support is disabled. You can enable it with --enable-threads ***
Python main interpreter initialized at 0x5635e5c5d830
your server socket listen backlog is limited to 100 connections
your mercy for graceful operations on workers is 60 seconds
mapped 72904 bytes (71 KB) for 1 cores
*** Operational MODE: single process ***
WSGI app 0 (mountpoint='') ready in 0 seconds on interpreter 0x5635e5c5d830 pid: 6435 (default app)
*** uWSGI is running in multiple interpreter mode ***
spawned uWSGI worker 1 (and the only) (pid: 6435, cores: 1)
[pid: 6435|app: 0|req: 1/1] 127.0.0.1 () {44 vars in 798 bytes} [Sun Mar 29 07:12:33 2020] GET /admin/ => generated 4035 bytes in 37 msecs (HTTP/1.1 200) 7 headers in 263 bytes (1 switches on core 0)
Internal Server Error: /admin/legion/post/
Traceback (most recent call last):
  File "/home/programmer/Project/venv/lib/python3.6/site-packages/django/db/backends/utils.py", line 86, in _execute
    return self.cursor.execute(sql, params)
  File "/home/programmer/Project/venv/lib/python3.6/site-packages/django/db/backends/sqlite3/base.py", line 396, in execute
    return Database.Cursor.execute(self, query, params)
sqlite3.OperationalError: no such table: legion_post

The above exception was the direct cause of the following exception:

Traceback (most recent call last):
  File "/home/programmer/Project/venv/lib/python3.6/site-packages/django/core/handlers/exception.py", line 34, in inner
    response = get_response(request)
  File "/home/programmer/Project/venv/lib/python3.6/site-packages/django/core/handlers/base.py", line 115, in _get_response
    response = self.process_exception_by_middleware(e, request)
  File "/home/programmer/Project/venv/lib/python3.6/site-packages/django/core/handlers/base.py", line 113, in _get_response
    response = wrapped_callback(request, *callback_args, **callback_kwargs)
  File "/home/programmer/Project/venv/lib/python3.6/site-packages/django/contrib/admin/options.py", line 607, in wrapper
    return self.admin_site.admin_view(view)(*args, **kwargs)
  File "/home/programmer/Project/venv/lib/python3.6/site-packages/django/utils/decorators.py", line 130, in _wrapped_view
    response = view_func(request, *args, **kwargs)
  File "/home/programmer/Project/venv/lib/python3.6/site-packages/django/views/decorators/cache.py", line 44, in _wrapped_view_func
    response = view_func(request, *args, **kwargs)
  File "/home/programmer/Project/venv/lib/python3.6/site-packages/django/contrib/admin/sites.py", line 231, in inner
    return view(request, *args, **kwargs)
  File "/home/programmer/Project/venv/lib/python3.6/site-packages/django/utils/decorators.py", line 43, in _wrapper
    return bound_method(*args, **kwargs)
  File "/home/programmer/Project/venv/lib/python3.6/site-packages/django/utils/decorators.py", line 130, in _wrapped_view
    response = view_func(request, *args, **kwargs)
  File "/home/programmer/Project/venv/lib/python3.6/site-packages/django/contrib/admin/options.py", line 1678, in changelist_view
    cl = self.get_changelist_instance(request)
  File "/home/programmer/Project/venv/lib/python3.6/site-packages/django/contrib/admin/options.py", line 741, in get_changelist_instance
    sortable_by,
  File "/home/programmer/Project/venv/lib/python3.6/site-packages/django/contrib/admin/views/main.py", line 98, in __init__
    self.get_results(request)
  File "/home/programmer/Project/venv/lib/python3.6/site-packages/django/contrib/admin/views/main.py", line 226, in get_results
    result_count = paginator.count
  File "/home/programmer/Project/venv/lib/python3.6/site-packages/django/utils/functional.py", line 48, in __get__
    res = instance.__dict__[self.name] = self.func(instance)
  File "/home/programmer/Project/venv/lib/python3.6/site-packages/django/core/paginator.py", line 91, in count
    return c()
  File "/home/programmer/Project/venv/lib/python3.6/site-packages/django/db/models/query.py", line 397, in count
    return self.query.get_count(using=self.db)
  File "/home/programmer/Project/venv/lib/python3.6/site-packages/django/db/models/sql/query.py", line 517, in get_count
    number = obj.get_aggregation(using, ['__count'])['__count']
  File "/home/programmer/Project/venv/lib/python3.6/site-packages/django/db/models/sql/query.py", line 502, in get_aggregation
    result = compiler.execute_sql(SINGLE)
  File "/home/programmer/Project/venv/lib/python3.6/site-packages/django/db/models/sql/compiler.py", line 1151, in execute_sql
    cursor.execute(sql, params)
  File "/home/programmer/Project/venv/lib/python3.6/site-packages/django/db/backends/utils.py", line 100, in execute
    return super().execute(sql, params)
  File "/home/programmer/Project/venv/lib/python3.6/site-packages/django/db/backends/utils.py", line 68, in execute
    return self._execute_with_wrappers(sql, params, many=False, executor=self._execute)
  File "/home/programmer/Project/venv/lib/python3.6/site-packages/django/db/backends/utils.py", line 77, in _execute_with_wrappers
    return executor(sql, params, many, context)
  File "/home/programmer/Project/venv/lib/python3.6/site-packages/django/db/backends/utils.py", line 86, in _execute
    return self.cursor.execute(sql, params)
  File "/home/programmer/Project/venv/lib/python3.6/site-packages/django/db/utils.py", line 90, in __exit__
    raise dj_exc_value.with_traceback(traceback) from exc_value
  File "/home/programmer/Project/venv/lib/python3.6/site-packages/django/db/backends/utils.py", line 86, in _execute
    return self.cursor.execute(sql, params)
  File "/home/programmer/Project/venv/lib/python3.6/site-packages/django/db/backends/sqlite3/base.py", line 396, in execute
    return Database.Cursor.execute(self, query, params)
django.db.utils.OperationalError: no such table: legion_post
[pid: 6435|app: 0|req: 2/2] 127.0.0.1 () {44 vars in 835 bytes} [Sun Mar 29 07:12:38 2020] GET /admin/legion/post/ => generated 171847 bytes in 63 msecs (HTTP/1.1 500) 5 headers in 157 bytes (1 switches on core 0)
[pid: 6435|app: 0|req: 3/3] 127.0.0.1 () {42 vars in 767 bytes} [Sun Mar 29 07:12:50 2020] GET /admin/ => generated 4035 bytes in 15 msecs (HTTP/1.1 200) 7 headers in 263 bytes (2 switches on core 0)
[pid: 6435|app: 0|req: 4/4] 127.0.0.1 () {44 vars in 843 bytes} [Sun Mar 29 07:13:14 2020] GET /admin/legion/post/add/ => generated 7989 bytes in 54 msecs (HTTP/1.1 200) 8 headers in 431 bytes (1 switches on core 0)
[pid: 6435|app: 0|req: 5/5] 127.0.0.1 () {42 vars in 735 bytes} [Sun Mar 29 07:13:14 2020] GET /admin/jsi18n/ => generated 14909 bytes in 9 msecs (HTTP/1.1 200) 5 headers in 160 bytes (1 switches on core 0)
[pid: 6435|app: 0|req: 6/6] 127.0.0.1 () {42 vars in 767 bytes} [Sun Mar 29 07:13:20 2020] GET /admin/ => generated 4035 bytes in 21 msecs (HTTP/1.1 200) 7 headers in 263 bytes (1 switches on core 0)
[pid: 6435|app: 0|req: 7/7] 127.0.0.1 () {44 vars in 798 bytes} [Sun Mar 29 07:16:53 2020] GET /admin/ => generated 4035 bytes in 21 msecs (HTTP/1.1 200) 7 headers in 263 bytes (1 switches on core 0)
[pid: 6435|app: 0|req: 8/8] 127.0.0.1 () {44 vars in 798 bytes} [Sun Mar 29 07:16:54 2020] GET /admin/ => generated 4035 bytes in 21 msecs (HTTP/1.1 200) 7 headers in 263 bytes (1 switches on core 0)
[pid: 6435|app: 0|req: 9/9] 127.0.0.1 () {44 vars in 843 bytes} [Sun Mar 29 07:16:56 2020] GET /admin/legion/post/add/ => generated 7989 bytes in 37 msecs (HTTP/1.1 200) 8 headers in 431 bytes (1 switches on core 0)
[pid: 6435|app: 0|req: 10/10] 127.0.0.1 () {42 vars in 735 bytes} [Sun Mar 29 07:16:56 2020] GET /admin/jsi18n/ => generated 14909 bytes in 5 msecs (HTTP/1.1 200) 5 headers in 160 bytes (1 switches on core 0)
[pid: 6435|app: 0|req: 11/11] 127.0.0.1 () {42 vars in 767 bytes} [Sun Mar 29 07:16:59 2020] GET /admin/ => generated 4035 bytes in 16 msecs (HTTP/1.1 200) 7 headers in 263 bytes (1 switches on core 0)
[pid: 6435|app: 0|req: 12/12] 127.0.0.1 () {44 vars in 841 bytes} [Sun Mar 29 07:17:01 2020] GET /admin/auth/group/add/ => generated 7111 bytes in 31 msecs (HTTP/1.1 200) 8 headers in 431 bytes (1 switches on core 0)
[pid: 6435|app: 0|req: 13/13] 127.0.0.1 () {42 vars in 734 bytes} [Sun Mar 29 07:17:01 2020] GET /admin/jsi18n/ => generated 14909 bytes in 8 msecs (HTTP/1.1 200) 5 headers in 160 bytes (1 switches on core 0)
[pid: 6435|app: 0|req: 14/14] 127.0.0.1 () {42 vars in 767 bytes} [Sun Mar 29 07:17:03 2020] GET /admin/ => generated 4035 bytes in 15 msecs (HTTP/1.1 200) 7 headers in 263 bytes (1 switches on core 0)
[pid: 6435|app: 0|req: 15/15] 127.0.0.1 () {44 vars in 839 bytes} [Sun Mar 29 07:17:04 2020] GET /admin/auth/user/add/ => generated 6297 bytes in 47 msecs (HTTP/1.1 200) 8 headers in 431 bytes (1 switches on core 0)
[pid: 6435|app: 0|req: 16/16] 127.0.0.1 () {42 vars in 733 bytes} [Sun Mar 29 07:17:04 2020] GET /admin/jsi18n/ => generated 14909 bytes in 17 msecs (HTTP/1.1 200) 5 headers in 160 bytes (1 switches on core 0)
[pid: 6435|app: 0|req: 17/17] 127.0.0.1 () {42 vars in 767 bytes} [Sun Mar 29 07:17:07 2020] GET /admin/ => generated 4035 bytes in 16 msecs (HTTP/1.1 200) 7 headers in 263 bytes (1 switches on core 0)
[pid: 6435|app: 0|req: 18/18] 127.0.0.1 () {44 vars in 798 bytes} [Sun Mar 29 07:17:09 2020] GET /admin/ => generated 4035 bytes in 25 msecs (HTTP/1.1 200) 7 headers in 263 bytes (1 switches on core 0)
Internal Server Error: /admin/legion/post/
Traceback (most recent call last):
  File "/home/programmer/Project/venv/lib/python3.6/site-packages/django/db/backends/utils.py", line 86, in _execute
    return self.cursor.execute(sql, params)
  File "/home/programmer/Project/venv/lib/python3.6/site-packages/django/db/backends/sqlite3/base.py", line 396, in execute
    return Database.Cursor.execute(self, query, params)
sqlite3.OperationalError: no such table: legion_post

The above exception was the direct cause of the following exception:

Traceback (most recent call last):
  File "/home/programmer/Project/venv/lib/python3.6/site-packages/django/core/handlers/exception.py", line 34, in inner
    response = get_response(request)
  File "/home/programmer/Project/venv/lib/python3.6/site-packages/django/core/handlers/base.py", line 115, in _get_response
    response = self.process_exception_by_middleware(e, request)
  File "/home/programmer/Project/venv/lib/python3.6/site-packages/django/core/handlers/base.py", line 113, in _get_response
    response = wrapped_callback(request, *callback_args, **callback_kwargs)
  File "/home/programmer/Project/venv/lib/python3.6/site-packages/django/contrib/admin/options.py", line 607, in wrapper
    return self.admin_site.admin_view(view)(*args, **kwargs)
  File "/home/programmer/Project/venv/lib/python3.6/site-packages/django/utils/decorators.py", line 130, in _wrapped_view
    response = view_func(request, *args, **kwargs)
  File "/home/programmer/Project/venv/lib/python3.6/site-packages/django/views/decorators/cache.py", line 44, in _wrapped_view_func
    response = view_func(request, *args, **kwargs)
  File "/home/programmer/Project/venv/lib/python3.6/site-packages/django/contrib/admin/sites.py", line 231, in inner
    return view(request, *args, **kwargs)
  File "/home/programmer/Project/venv/lib/python3.6/site-packages/django/utils/decorators.py", line 43, in _wrapper
    return bound_method(*args, **kwargs)
  File "/home/programmer/Project/venv/lib/python3.6/site-packages/django/utils/decorators.py", line 130, in _wrapped_view
    response = view_func(request, *args, **kwargs)
  File "/home/programmer/Project/venv/lib/python3.6/site-packages/django/contrib/admin/options.py", line 1678, in changelist_view
    cl = self.get_changelist_instance(request)
  File "/home/programmer/Project/venv/lib/python3.6/site-packages/django/contrib/admin/options.py", line 741, in get_changelist_instance
    sortable_by,
  File "/home/programmer/Project/venv/lib/python3.6/site-packages/django/contrib/admin/views/main.py", line 98, in __init__
    self.get_results(request)
  File "/home/programmer/Project/venv/lib/python3.6/site-packages/django/contrib/admin/views/main.py", line 226, in get_results
    result_count = paginator.count
  File "/home/programmer/Project/venv/lib/python3.6/site-packages/django/utils/functional.py", line 48, in __get__
    res = instance.__dict__[self.name] = self.func(instance)
  File "/home/programmer/Project/venv/lib/python3.6/site-packages/django/core/paginator.py", line 91, in count
    return c()
  File "/home/programmer/Project/venv/lib/python3.6/site-packages/django/db/models/query.py", line 397, in count
    return self.query.get_count(using=self.db)
  File "/home/programmer/Project/venv/lib/python3.6/site-packages/django/db/models/sql/query.py", line 517, in get_count
    number = obj.get_aggregation(using, ['__count'])['__count']
  File "/home/programmer/Project/venv/lib/python3.6/site-packages/django/db/models/sql/query.py", line 502, in get_aggregation
    result = compiler.execute_sql(SINGLE)
  File "/home/programmer/Project/venv/lib/python3.6/site-packages/django/db/models/sql/compiler.py", line 1151, in execute_sql
    cursor.execute(sql, params)
  File "/home/programmer/Project/venv/lib/python3.6/site-packages/django/db/backends/utils.py", line 100, in execute
    return super().execute(sql, params)
  File "/home/programmer/Project/venv/lib/python3.6/site-packages/django/db/backends/utils.py", line 68, in execute
    return self._execute_with_wrappers(sql, params, many=False, executor=self._execute)
  File "/home/programmer/Project/venv/lib/python3.6/site-packages/django/db/backends/utils.py", line 77, in _execute_with_wrappers
    return executor(sql, params, many, context)
  File "/home/programmer/Project/venv/lib/python3.6/site-packages/django/db/backends/utils.py", line 86, in _execute
    return self.cursor.execute(sql, params)
  File "/home/programmer/Project/venv/lib/python3.6/site-packages/django/db/utils.py", line 90, in __exit__
    raise dj_exc_value.with_traceback(traceback) from exc_value
  File "/home/programmer/Project/venv/lib/python3.6/site-packages/django/db/backends/utils.py", line 86, in _execute
    return self.cursor.execute(sql, params)
  File "/home/programmer/Project/venv/lib/python3.6/site-packages/django/db/backends/sqlite3/base.py", line 396, in execute
    return Database.Cursor.execute(self, query, params)
django.db.utils.OperationalError: no such table: legion_post
[pid: 6435|app: 0|req: 19/19] 127.0.0.1 () {44 vars in 835 bytes} [Sun Mar 29 07:17:13 2020] GET /admin/legion/post/ => generated 171847 bytes in 58 msecs (HTTP/1.1 500) 5 headers in 157 bytes (1 switches on core 0)
Internal Server Error: /admin/legion/post/
Traceback (most recent call last):
  File "/home/programmer/Project/venv/lib/python3.6/site-packages/django/db/backends/utils.py", line 86, in _execute
    return self.cursor.execute(sql, params)
  File "/home/programmer/Project/venv/lib/python3.6/site-packages/django/db/backends/sqlite3/base.py", line 396, in execute
    return Database.Cursor.execute(self, query, params)
sqlite3.OperationalError: no such table: legion_post

The above exception was the direct cause of the following exception:

Traceback (most recent call last):
  File "/home/programmer/Project/venv/lib/python3.6/site-packages/django/core/handlers/exception.py", line 34, in inner
    response = get_response(request)
  File "/home/programmer/Project/venv/lib/python3.6/site-packages/django/core/handlers/base.py", line 115, in _get_response
    response = self.process_exception_by_middleware(e, request)
  File "/home/programmer/Project/venv/lib/python3.6/site-packages/django/core/handlers/base.py", line 113, in _get_response
    response = wrapped_callback(request, *callback_args, **callback_kwargs)
  File "/home/programmer/Project/venv/lib/python3.6/site-packages/django/contrib/admin/options.py", line 607, in wrapper
    return self.admin_site.admin_view(view)(*args, **kwargs)
  File "/home/programmer/Project/venv/lib/python3.6/site-packages/django/utils/decorators.py", line 130, in _wrapped_view
    response = view_func(request, *args, **kwargs)
  File "/home/programmer/Project/venv/lib/python3.6/site-packages/django/views/decorators/cache.py", line 44, in _wrapped_view_func
    response = view_func(request, *args, **kwargs)
  File "/home/programmer/Project/venv/lib/python3.6/site-packages/django/contrib/admin/sites.py", line 231, in inner
    return view(request, *args, **kwargs)
  File "/home/programmer/Project/venv/lib/python3.6/site-packages/django/utils/decorators.py", line 43, in _wrapper
    return bound_method(*args, **kwargs)
  File "/home/programmer/Project/venv/lib/python3.6/site-packages/django/utils/decorators.py", line 130, in _wrapped_view
    response = view_func(request, *args, **kwargs)
  File "/home/programmer/Project/venv/lib/python3.6/site-packages/django/contrib/admin/options.py", line 1678, in changelist_view
    cl = self.get_changelist_instance(request)
  File "/home/programmer/Project/venv/lib/python3.6/site-packages/django/contrib/admin/options.py", line 741, in get_changelist_instance
    sortable_by,
  File "/home/programmer/Project/venv/lib/python3.6/site-packages/django/contrib/admin/views/main.py", line 98, in __init__
    self.get_results(request)
  File "/home/programmer/Project/venv/lib/python3.6/site-packages/django/contrib/admin/views/main.py", line 226, in get_results
    result_count = paginator.count
  File "/home/programmer/Project/venv/lib/python3.6/site-packages/django/utils/functional.py", line 48, in __get__
    res = instance.__dict__[self.name] = self.func(instance)
  File "/home/programmer/Project/venv/lib/python3.6/site-packages/django/core/paginator.py", line 91, in count
    return c()
  File "/home/programmer/Project/venv/lib/python3.6/site-packages/django/db/models/query.py", line 397, in count
    return self.query.get_count(using=self.db)
  File "/home/programmer/Project/venv/lib/python3.6/site-packages/django/db/models/sql/query.py", line 517, in get_count
    number = obj.get_aggregation(using, ['__count'])['__count']
  File "/home/programmer/Project/venv/lib/python3.6/site-packages/django/db/models/sql/query.py", line 502, in get_aggregation
    result = compiler.execute_sql(SINGLE)
  File "/home/programmer/Project/venv/lib/python3.6/site-packages/django/db/models/sql/compiler.py", line 1151, in execute_sql
    cursor.execute(sql, params)
  File "/home/programmer/Project/venv/lib/python3.6/site-packages/django/db/backends/utils.py", line 100, in execute
    return super().execute(sql, params)
  File "/home/programmer/Project/venv/lib/python3.6/site-packages/django/db/backends/utils.py", line 68, in execute
    return self._execute_with_wrappers(sql, params, many=False, executor=self._execute)
  File "/home/programmer/Project/venv/lib/python3.6/site-packages/django/db/backends/utils.py", line 77, in _execute_with_wrappers
    return executor(sql, params, many, context)
  File "/home/programmer/Project/venv/lib/python3.6/site-packages/django/db/backends/utils.py", line 86, in _execute
    return self.cursor.execute(sql, params)
  File "/home/programmer/Project/venv/lib/python3.6/site-packages/django/db/utils.py", line 90, in __exit__
    raise dj_exc_value.with_traceback(traceback) from exc_value
  File "/home/programmer/Project/venv/lib/python3.6/site-packages/django/db/backends/utils.py", line 86, in _execute
    return self.cursor.execute(sql, params)
  File "/home/programmer/Project/venv/lib/python3.6/site-packages/django/db/backends/sqlite3/base.py", line 396, in execute
    return Database.Cursor.execute(self, query, params)
django.db.utils.OperationalError: no such table: legion_post
[pid: 6435|app: 0|req: 20/20] 127.0.0.1 () {46 vars in 866 bytes} [Sun Mar 29 07:17:25 2020] GET /admin/legion/post/ => generated 171984 bytes in 54 msecs (HTTP/1.1 500) 5 headers in 157 bytes (1 switches on core 0)
*** Starting uWSGI 2.0.18 (64bit) on [Sun Mar 29 10:21:04 2020] ***
compiled with version: 7.3.0 on 23 February 2020 19:22:36
os: Linux-4.15.0-20-generic #21-Ubuntu SMP Tue Apr 24 06:16:15 UTC 2018
nodename: programmer-G56JR
machine: x86_64
clock source: unix
detected number of CPU cores: 8
current working directory: /home/programmer/Project/lorean
detected binary path: /home/programmer/Project/venv/bin/uwsgi
!!! no internal routing support, rebuild with pcre support !!!
*** WARNING: you are running uWSGI without its master process manager ***
your processes number limit is 47173
your memory page size is 4096 bytes
detected max file descriptor number: 1024
lock engine: pthread robust mutexes
thunder lock: disabled (you can enable it with --thunder-lock)
uwsgi socket 0 bound to UNIX address /tmp/lorean.sock fd 3
Python version: 3.6.8 (default, Oct  7 2019, 12:59:55)  [GCC 8.3.0]
*** Python threads support is disabled. You can enable it with --enable-threads ***
Python main interpreter initialized at 0x5636a78a1830
your server socket listen backlog is limited to 100 connections
your mercy for graceful operations on workers is 60 seconds
mapped 72904 bytes (71 KB) for 1 cores
*** Operational MODE: single process ***
WSGI app 0 (mountpoint='') ready in 0 seconds on interpreter 0x5636a78a1830 pid: 6614 (default app)
*** uWSGI is running in multiple interpreter mode ***
spawned uWSGI worker 1 (and the only) (pid: 6614, cores: 1)
Not Found: /admin/legion/post/
[pid: 6614|app: 0|req: 1/1] 127.0.0.1 () {46 vars in 866 bytes} [Sun Mar 29 07:21:09 2020] GET /admin/legion/post/ => generated 4006 bytes in 10 msecs (HTTP/1.1 404) 4 headers in 129 bytes (1 switches on core 0)
[pid: 6614|app: 0|req: 2/2] 127.0.0.1 () {42 vars in 767 bytes} [Sun Mar 29 07:21:11 2020] GET /admin/ => generated 4021 bytes in 39 msecs (HTTP/1.1 200) 7 headers in 263 bytes (1 switches on core 0)
[pid: 6614|app: 0|req: 3/3] 127.0.0.1 () {44 vars in 798 bytes} [Sun Mar 29 07:21:15 2020] GET /admin/ => generated 4021 bytes in 17 msecs (HTTP/1.1 200) 7 headers in 263 bytes (1 switches on core 0)
[pid: 6614|app: 0|req: 4/4] 127.0.0.1 () {44 vars in 798 bytes} [Sun Mar 29 07:21:16 2020] GET /admin/ => generated 4021 bytes in 17 msecs (HTTP/1.1 200) 7 headers in 263 bytes (1 switches on core 0)
[pid: 6614|app: 0|req: 5/5] 127.0.0.1 () {44 vars in 839 bytes} [Sun Mar 29 07:21:18 2020] GET /admin/blog/post/add/ => generated 7981 bytes in 49 msecs (HTTP/1.1 200) 8 headers in 431 bytes (1 switches on core 0)
[pid: 6614|app: 0|req: 6/6] 127.0.0.1 () {42 vars in 733 bytes} [Sun Mar 29 07:21:18 2020] GET /admin/jsi18n/ => generated 14909 bytes in 9 msecs (HTTP/1.1 200) 5 headers in 160 bytes (1 switches on core 0)
[pid: 6614|app: 0|req: 7/7] 127.0.0.1 () {42 vars in 767 bytes} [Sun Mar 29 07:21:21 2020] GET /admin/ => generated 4021 bytes in 20 msecs (HTTP/1.1 200) 7 headers in 263 bytes (1 switches on core 0)
[pid: 6614|app: 0|req: 8/8] 127.0.0.1 () {44 vars in 831 bytes} [Sun Mar 29 07:21:22 2020] GET /admin/blog/post/ => generated 3323 bytes in 20 msecs (HTTP/1.1 200) 8 headers in 431 bytes (1 switches on core 0)
[pid: 6614|app: 0|req: 9/9] 127.0.0.1 () {42 vars in 729 bytes} [Sun Mar 29 07:21:22 2020] GET /admin/jsi18n/ => generated 14909 bytes in 7 msecs (HTTP/1.1 200) 5 headers in 160 bytes (1 switches on core 0)
[pid: 6614|app: 0|req: 10/10] 127.0.0.1 () {42 vars in 767 bytes} [Sun Mar 29 07:21:24 2020] GET /admin/ => generated 4021 bytes in 16 msecs (HTTP/1.1 200) 7 headers in 263 bytes (1 switches on core 0)
[pid: 6614|app: 0|req: 11/11] 127.0.0.1 () {44 vars in 786 bytes} [Sun Mar 29 07:21:27 2020] GET / => generated 246 bytes in 2 msecs (HTTP/1.1 200) 4 headers in 136 bytes (1 switches on core 0)
[pid: 6614|app: 0|req: 12/12] 127.0.0.1 () {44 vars in 786 bytes} [Sun Mar 29 07:22:44 2020] GET / => generated 275 bytes in 2 msecs (HTTP/1.1 200) 4 headers in 136 bytes (1 switches on core 0)
[pid: 6614|app: 0|req: 13/13] 127.0.0.1 () {44 vars in 786 bytes} [Sun Mar 29 07:42:29 2020] GET / => generated 275 bytes in 1 msecs (HTTP/1.1 200) 4 headers in 136 bytes (1 switches on core 0)
[pid: 6614|app: 0|req: 14/14] 127.0.0.1 () {44 vars in 786 bytes} [Sun Mar 29 07:42:30 2020] GET / => generated 275 bytes in 2 msecs (HTTP/1.1 200) 4 headers in 136 bytes (1 switches on core 0)
[pid: 6614|app: 0|req: 15/15] 127.0.0.1 () {42 vars in 767 bytes} [Sun Mar 29 07:42:34 2020] GET /admin/ => generated 4021 bytes in 16 msecs (HTTP/1.1 200) 7 headers in 263 bytes (1 switches on core 0)
[pid: 6614|app: 0|req: 16/16] 127.0.0.1 () {44 vars in 798 bytes} [Sun Mar 29 07:42:37 2020] GET /admin/ => generated 4021 bytes in 21 msecs (HTTP/1.1 200) 7 headers in 263 bytes (1 switches on core 0)
[pid: 6614|app: 0|req: 17/17] 127.0.0.1 () {44 vars in 798 bytes} [Sun Mar 29 07:42:38 2020] GET /admin/ => generated 4021 bytes in 20 msecs (HTTP/1.1 200) 7 headers in 263 bytes (1 switches on core 0)
[pid: 6614|app: 0|req: 18/18] 127.0.0.1 () {44 vars in 798 bytes} [Sun Mar 29 07:42:38 2020] GET /admin/ => generated 4021 bytes in 19 msecs (HTTP/1.1 200) 7 headers in 263 bytes (1 switches on core 0)
[pid: 6614|app: 0|req: 19/19] 127.0.0.1 () {44 vars in 798 bytes} [Sun Mar 29 07:42:38 2020] GET /admin/ => generated 4021 bytes in 18 msecs (HTTP/1.1 200) 7 headers in 263 bytes (1 switches on core 0)
[pid: 6614|app: 0|req: 20/20] 127.0.0.1 () {44 vars in 798 bytes} [Sun Mar 29 07:42:39 2020] GET /admin/ => generated 4021 bytes in 15 msecs (HTTP/1.1 200) 7 headers in 263 bytes (1 switches on core 0)
[pid: 6614|app: 0|req: 21/21] 127.0.0.1 () {44 vars in 798 bytes} [Sun Mar 29 07:42:39 2020] GET /admin/ => generated 4021 bytes in 18 msecs (HTTP/1.1 200) 7 headers in 263 bytes (1 switches on core 0)
[pid: 6614|app: 0|req: 22/22] 127.0.0.1 () {44 vars in 831 bytes} [Sun Mar 29 07:42:41 2020] GET /admin/blog/post/ => generated 3323 bytes in 21 msecs (HTTP/1.1 200) 8 headers in 431 bytes (1 switches on core 0)
[pid: 6614|app: 0|req: 23/23] 127.0.0.1 () {42 vars in 729 bytes} [Sun Mar 29 07:42:41 2020] GET /admin/jsi18n/ => generated 14909 bytes in 5 msecs (HTTP/1.1 200) 5 headers in 160 bytes (1 switches on core 0)
[pid: 6614|app: 0|req: 24/24] 127.0.0.1 () {44 vars in 849 bytes} [Sun Mar 29 07:42:43 2020] GET /admin/blog/post/add/ => generated 7981 bytes in 37 msecs (HTTP/1.1 200) 8 headers in 431 bytes (1 switches on core 0)
[pid: 6614|app: 0|req: 25/25] 127.0.0.1 () {42 vars in 733 bytes} [Sun Mar 29 07:42:43 2020] GET /admin/jsi18n/ => generated 14909 bytes in 12 msecs (HTTP/1.1 200) 5 headers in 160 bytes (1 switches on core 0)
[pid: 6614|app: 0|req: 26/26] 127.0.0.1 () {44 vars in 831 bytes} [Sun Mar 29 07:42:48 2020] GET /admin/blog/post/ => generated 3323 bytes in 26 msecs (HTTP/1.1 200) 8 headers in 431 bytes (1 switches on core 0)
[pid: 6614|app: 0|req: 27/27] 127.0.0.1 () {42 vars in 767 bytes} [Sun Mar 29 07:42:49 2020] GET /admin/ => generated 4021 bytes in 20 msecs (HTTP/1.1 200) 7 headers in 263 bytes (1 switches on core 0)
*** Starting uWSGI 2.0.18 (64bit) on [Sun Mar 29 10:44:01 2020] ***
compiled with version: 7.3.0 on 23 February 2020 19:22:36
os: Linux-4.15.0-20-generic #21-Ubuntu SMP Tue Apr 24 06:16:15 UTC 2018
nodename: programmer-G56JR
machine: x86_64
clock source: unix
detected number of CPU cores: 8
current working directory: /home/programmer/Project/lorean
detected binary path: /home/programmer/Project/venv/bin/uwsgi
!!! no internal routing support, rebuild with pcre support !!!
*** WARNING: you are running uWSGI without its master process manager ***
your processes number limit is 47173
your memory page size is 4096 bytes
detected max file descriptor number: 1024
lock engine: pthread robust mutexes
thunder lock: disabled (you can enable it with --thunder-lock)
uwsgi socket 0 bound to UNIX address /tmp/lorean.sock fd 3
Python version: 3.6.8 (default, Oct  7 2019, 12:59:55)  [GCC 8.3.0]
*** Python threads support is disabled. You can enable it with --enable-threads ***
Python main interpreter initialized at 0x559fe2383830
your server socket listen backlog is limited to 100 connections
your mercy for graceful operations on workers is 60 seconds
mapped 72904 bytes (71 KB) for 1 cores
*** Operational MODE: single process ***
WSGI app 0 (mountpoint='') ready in 1 seconds on interpreter 0x559fe2383830 pid: 7694 (default app)
*** uWSGI is running in multiple interpreter mode ***
spawned uWSGI worker 1 (and the only) (pid: 7694, cores: 1)
[pid: 7694|app: 0|req: 1/1] 127.0.0.1 () {44 vars in 798 bytes} [Sun Mar 29 07:44:07 2020] GET /admin/ => generated 4480 bytes in 43 msecs (HTTP/1.1 200) 7 headers in 263 bytes (1 switches on core 0)
[pid: 7694|app: 0|req: 2/2] 127.0.0.1 () {44 vars in 839 bytes} [Sun Mar 29 07:44:10 2020] GET /admin/blog/category/ => generated 3351 bytes in 21 msecs (HTTP/1.1 200) 8 headers in 431 bytes (1 switches on core 0)
[pid: 7694|app: 0|req: 3/3] 127.0.0.1 () {42 vars in 733 bytes} [Sun Mar 29 07:44:10 2020] GET /admin/jsi18n/ => generated 14909 bytes in 6 msecs (HTTP/1.1 200) 5 headers in 160 bytes (1 switches on core 0)
[pid: 7694|app: 0|req: 4/4] 127.0.0.1 () {42 vars in 767 bytes} [Sun Mar 29 07:44:11 2020] GET /admin/ => generated 4480 bytes in 19 msecs (HTTP/1.1 200) 7 headers in 263 bytes (1 switches on core 0)
[pid: 7694|app: 0|req: 5/5] 127.0.0.1 () {44 vars in 839 bytes} [Sun Mar 29 07:44:13 2020] GET /admin/blog/category/ => generated 3351 bytes in 25 msecs (HTTP/1.1 200) 8 headers in 431 bytes (1 switches on core 0)
[pid: 7694|app: 0|req: 6/6] 127.0.0.1 () {42 vars in 733 bytes} [Sun Mar 29 07:44:13 2020] GET /admin/jsi18n/ => generated 14909 bytes in 9 msecs (HTTP/1.1 200) 5 headers in 160 bytes (1 switches on core 0)
[pid: 7694|app: 0|req: 7/7] 127.0.0.1 () {44 vars in 861 bytes} [Sun Mar 29 07:44:14 2020] GET /admin/blog/category/add/ => generated 4707 bytes in 27 msecs (HTTP/1.1 200) 8 headers in 431 bytes (1 switches on core 0)
[pid: 7694|app: 0|req: 8/8] 127.0.0.1 () {42 vars in 737 bytes} [Sun Mar 29 07:44:15 2020] GET /admin/jsi18n/ => generated 14909 bytes in 13 msecs (HTTP/1.1 200) 5 headers in 160 bytes (1 switches on core 0)
[pid: 7694|app: 0|req: 9/9] 127.0.0.1 () {44 vars in 839 bytes} [Sun Mar 29 07:44:17 2020] GET /admin/blog/category/ => generated 3351 bytes in 21 msecs (HTTP/1.1 200) 8 headers in 431 bytes (1 switches on core 0)
[pid: 7694|app: 0|req: 10/10] 127.0.0.1 () {42 vars in 767 bytes} [Sun Mar 29 07:45:37 2020] GET /admin/ => generated 4480 bytes in 24 msecs (HTTP/1.1 200) 7 headers in 263 bytes (1 switches on core 0)
[pid: 7694|app: 0|req: 11/11] 127.0.0.1 () {44 vars in 798 bytes} [Sun Mar 29 07:47:36 2020] GET /admin/ => generated 4480 bytes in 20 msecs (HTTP/1.1 200) 7 headers in 263 bytes (1 switches on core 0)
[pid: 7694|app: 0|req: 12/12] 127.0.0.1 () {44 vars in 798 bytes} [Sun Mar 29 07:49:11 2020] GET /admin/ => generated 4480 bytes in 21 msecs (HTTP/1.1 200) 7 headers in 263 bytes (1 switches on core 0)
[pid: 7694|app: 0|req: 13/13] 127.0.0.1 () {44 vars in 798 bytes} [Sun Mar 29 07:57:52 2020] GET /admin/ => generated 4480 bytes in 17 msecs (HTTP/1.1 200) 7 headers in 263 bytes (1 switches on core 0)
[pid: 7694|app: 0|req: 14/14] 127.0.0.1 () {44 vars in 798 bytes} [Sun Mar 29 07:57:53 2020] GET /admin/ => generated 4480 bytes in 22 msecs (HTTP/1.1 200) 7 headers in 263 bytes (1 switches on core 0)
